Arguments: 
  C:\Program Files\nodejs\node.exe C:\Users\Siddh\AppData\Roaming\npm\node_modules\yarn\bin\yarn.js add @mui/icons-material

PATH: 
  C:\Program Files\PowerShell\7;C:\Program Files\Common Files\Oracle\Java\javapath;C:\WINDOWS\system32;C:\WINDOWS;C:\WINDOWS\System32\Wbem;C:\WINDOWS\System32\WindowsPowerShell\v1.0\;C:\WINDOWS\System32\OpenSSH\;C:\Program Files\Microsoft VS Code\bin;C:\Program Files\nodejs\;C:\ProgramData\chocolatey\bin;C:\Program Files\Git\cmd;C:\Program Files\PuTTY\;C:\Program Files\php-8.2.1-Win32-vs16-x64;C:\Program Files\PowerShell\7\;C:\Program Files\MySQL\MySQL Shell 8.0\bin\;C:\Users\Siddh\AppData\Local\Microsoft\WindowsApps;C:\Program Files\Java\jdk-19\bin;C:\Users\Siddh\AppData\Roaming\npm;C:\Program Files\MongoDB\Server\6.0\bin;C:\Users\Siddh\AppData\Local\Programs\mongosh\

Yarn version: 
  1.22.19

Node version: 
  18.12.1

Platform: 
  win32 x64

Trace: 
  Error: https://registry.yarnpkg.com/@mui/icons-material/-/icons-material-5.14.3.tgz: ESOCKETTIMEDOUT
      at ClientRequest.<anonymous> (C:\Users\Siddh\AppData\Roaming\npm\node_modules\yarn\lib\cli.js:141517:19)
      at Object.onceWrapper (node:events:627:28)
      at ClientRequest.emit (node:events:513:28)
      at TLSSocket.emitRequestTimeout (node:_http_client:838:9)
      at Object.onceWrapper (node:events:627:28)
      at TLSSocket.emit (node:events:525:35)
      at Socket._onTimeout (node:net:562:8)
      at listOnTimeout (node:internal/timers:564:17)
      at process.processTimers (node:internal/timers:507:7)

npm manifest: 
  {
    "name": "ambreshwar",
    "version": "0.1.0",
    "private": true,
    "dependencies": {
      "@ant-design/icons": "^5.2.5",
      "@fortawesome/fontawesome-free": "^6.4.0",
      "@mui/icons-material": "^5.14.3",
      "@testing-library/jest-dom": "^5.16.5",
      "@testing-library/react": "^13.4.0",
      "@testing-library/user-event": "^13.5.0",
      "bootstrap": "^5.3.0",
      "firebase": "^9.22.0",
      "framer-motion": "^10.12.10",
      "jquery": "^3.7.0",
      "popper.js": "^1.16.1",
      "react": "^18.2.0",
      "react-bootstrap": "^2.8.0",
      "react-dom": "^18.2.0",
      "react-icons": "^4.8.0",
      "react-router-dom": "^6.11.1",
      "react-scripts": "5.0.1",
      "tw-elements": "^1.0.0-beta2",
      "web-vitals": "^2.1.4"
    },
    "scripts": {
      "start": "react-scripts start",
      "build": "react-scripts build",
      "test": "react-scripts test",
      "eject": "react-scripts eject"
    },
    "eslintConfig": {
      "extends": [
        "react-app",
        "react-app/jest"
      ]
    },
    "browserslist": {
      "production": [
        ">0.2%",
        "not dead",
        "not op_mini all"
      ],
      "development": [
        "last 1 chrome version",
        "last 1 firefox version",
        "last 1 safari version"
      ]
    },
    "devDependencies": {
      "@craco/craco": "^7.1.0",
      "autoprefixer": "^10.4.14",
      "postcss": "^8.4.23",
      "tailwindcss": "^3.3.2"
    }
  }

yarn manifest: 
  No manifest

Lockfile: 
  No lockfile
